[0.017s] Invoking command in '/home/robousr/ROS2Dev/robot_2025_ws/src/build/examen_description': CMAKE_PREFIX_PATH=${CMAKE_PREFIX_PATH}:/opt/ros/humble /usr/bin/cmake /home/robousr/ROS2Dev/robot_2025_ws/src/examen_description -DAMENT_CMAKE_SYMLINK_INSTALL=1 -DCMAKE_INSTALL_PREFIX=/home/robousr/ROS2Dev/robot_2025_ws/src/install/examen_description
[0.105s] -- The C compiler identification is GNU 11.4.0
[0.197s] -- The CXX compiler identification is GNU 11.4.0
[0.210s] -- Detecting C compiler ABI info
[0.332s] -- Detecting C compiler ABI info - done
[0.340s] -- Check for working C compiler: /usr/bin/cc - skipped
[0.341s] -- Detecting C compile features
[0.341s] -- Detecting C compile features - done
[0.345s] -- Detecting CXX compiler ABI info
[0.481s] -- Detecting CXX compiler ABI info - done
[0.493s] -- Check for working CXX compiler: /usr/bin/c++ - skipped
[0.495s] -- Detecting CXX compile features
[0.498s] -- Detecting CXX compile features - done
[0.518s] -- Found ament_cmake: 1.3.10 (/opt/ros/humble/share/ament_cmake/cmake)
[1.278s] -- Found Python3: /home/robousr/.pyenv/shims/python3 (found version "3.10.12") found components: Interpreter 
[1.475s] -- Override CMake install command with custom implementation using symlinks instead of copying resources
[1.715s] -- Configuring done
[1.729s] -- Generating done
[1.730s] -- Build files have been written to: /home/robousr/ROS2Dev/robot_2025_ws/src/build/examen_description
[1.739s] Invoked command in '/home/robousr/ROS2Dev/robot_2025_ws/src/build/examen_description' returned '0': CMAKE_PREFIX_PATH=${CMAKE_PREFIX_PATH}:/opt/ros/humble /usr/bin/cmake /home/robousr/ROS2Dev/robot_2025_ws/src/examen_description -DAMENT_CMAKE_SYMLINK_INSTALL=1 -DCMAKE_INSTALL_PREFIX=/home/robousr/ROS2Dev/robot_2025_ws/src/install/examen_description
[1.743s] Invoking command in '/home/robousr/ROS2Dev/robot_2025_ws/src/build/examen_description': CMAKE_PREFIX_PATH=${CMAKE_PREFIX_PATH}:/opt/ros/humble /usr/bin/cmake --build /home/robousr/ROS2Dev/robot_2025_ws/src/build/examen_description -- -j2 -l2
[1.807s] Invoked command in '/home/robousr/ROS2Dev/robot_2025_ws/src/build/examen_description' returned '0': CMAKE_PREFIX_PATH=${CMAKE_PREFIX_PATH}:/opt/ros/humble /usr/bin/cmake --build /home/robousr/ROS2Dev/robot_2025_ws/src/build/examen_description -- -j2 -l2
[1.869s] Invoking command in '/home/robousr/ROS2Dev/robot_2025_ws/src/build/examen_description': CMAKE_PREFIX_PATH=${CMAKE_PREFIX_PATH}:/opt/ros/humble /usr/bin/cmake --install /home/robousr/ROS2Dev/robot_2025_ws/src/build/examen_description
[1.890s] -- Install configuration: ""
[1.890s] -- Execute custom install script
[1.891s] -- Symlinking: /home/robousr/ROS2Dev/robot_2025_ws/src/install/examen_description/share/examen_description//urdf/scara_basic_position_controller.xacro
[1.903s] -- Symlinking: /home/robousr/ROS2Dev/robot_2025_ws/src/install/examen_description/share/examen_description//urdf/scara_gz_propierties.xacro
[1.914s] -- Symlinking: /home/robousr/ROS2Dev/robot_2025_ws/src/install/examen_description/share/examen_description//urdf/scara_simple_controller.xacro
[1.934s] -- Symlinking: /home/robousr/ROS2Dev/robot_2025_ws/src/install/examen_description/share/examen_description//urdf/scara_urdf.xacro
[1.951s] -- Symlinking: /home/robousr/ROS2Dev/robot_2025_ws/src/install/examen_description/share/examen_description//launch/scara_display.launch.xml
[1.965s] -- Symlinking: /home/robousr/ROS2Dev/robot_2025_ws/src/install/examen_description/share/examen_description//rviz/scara_rviz.rviz
[1.998s] -- Symlinking: /home/robousr/ROS2Dev/robot_2025_ws/src/install/examen_description/share/ament_index/resource_index/package_run_dependencies/examen_description
[2.026s] -- Symlinking: /home/robousr/ROS2Dev/robot_2025_ws/src/install/examen_description/share/ament_index/resource_index/parent_prefix_path/examen_description
[2.045s] -- Symlinking: /home/robousr/ROS2Dev/robot_2025_ws/src/install/examen_description/share/examen_description/environment/ament_prefix_path.sh
[2.058s] -- Symlinking: /home/robousr/ROS2Dev/robot_2025_ws/src/install/examen_description/share/examen_description/environment/ament_prefix_path.dsv
[2.071s] -- Symlinking: /home/robousr/ROS2Dev/robot_2025_ws/src/install/examen_description/share/examen_description/environment/path.sh
[2.084s] -- Symlinking: /home/robousr/ROS2Dev/robot_2025_ws/src/install/examen_description/share/examen_description/environment/path.dsv
[2.103s] -- Symlinking: /home/robousr/ROS2Dev/robot_2025_ws/src/install/examen_description/share/examen_description/local_setup.bash
[2.119s] -- Symlinking: /home/robousr/ROS2Dev/robot_2025_ws/src/install/examen_description/share/examen_description/local_setup.sh
[2.139s] -- Symlinking: /home/robousr/ROS2Dev/robot_2025_ws/src/install/examen_description/share/examen_description/local_setup.zsh
[2.152s] -- Symlinking: /home/robousr/ROS2Dev/robot_2025_ws/src/install/examen_description/share/examen_description/local_setup.dsv
[2.168s] -- Symlinking: /home/robousr/ROS2Dev/robot_2025_ws/src/install/examen_description/share/examen_description/package.dsv
[2.182s] -- Symlinking: /home/robousr/ROS2Dev/robot_2025_ws/src/install/examen_description/share/ament_index/resource_index/packages/examen_description
[2.196s] -- Symlinking: /home/robousr/ROS2Dev/robot_2025_ws/src/install/examen_description/share/examen_description/cmake/examen_descriptionConfig.cmake
[2.235s] -- Symlinking: /home/robousr/ROS2Dev/robot_2025_ws/src/install/examen_description/share/examen_description/cmake/examen_descriptionConfig-version.cmake
[2.259s] -- Symlinking: /home/robousr/ROS2Dev/robot_2025_ws/src/install/examen_description/share/examen_description/package.xml
[2.276s] Invoked command in '/home/robousr/ROS2Dev/robot_2025_ws/src/build/examen_description' returned '0': CMAKE_PREFIX_PATH=${CMAKE_PREFIX_PATH}:/opt/ros/humble /usr/bin/cmake --install /home/robousr/ROS2Dev/robot_2025_ws/src/build/examen_description
