-- The C compiler identification is GNU 11.4.0
-- The CXX compiler identification is GNU 11.4.0
-- Detecting C compiler ABI info
-- Detecting C compiler ABI info - done
-- Check for working C compiler: /usr/bin/cc - skipped
-- Detecting C compile features
-- Detecting C compile features - done
-- Detecting CXX compiler ABI info
-- Detecting CXX compiler ABI info - done
-- Check for working CXX compiler: /usr/bin/c++ - skipped
-- Detecting CXX compile features
-- Detecting CXX compile features - done
-- Found ament_cmake: 1.3.10 (/opt/ros/humble/share/ament_cmake/cmake)
-- Found Python3: /home/robousr/.pyenv/shims/python3 (found version "3.10.12") found components: Interpreter 
-- Override CMake install command with custom implementation using symlinks instead of copying resources
-- Found ament_lint_auto: 0.12.11 (/opt/ros/humble/share/ament_lint_auto/cmake)
-- Added test 'cppcheck' to perform static code analysis on C / C++ code
-- Configured cppcheck include dirs: 
-- Configured cppcheck exclude dirs and/or files: 
-- Added test 'lint_cmake' to check CMake code style
-- Added test 'uncrustify' to check C / C++ code style
-- Configured uncrustify additional arguments: 
-- Added test 'xmllint' to check XML markup files
-- Configuring done
-- Generating done
-- Build files have been written to: /home/robousr/ROS2Dev/robot_2025_ws/src/examen_bringup/build/examen_bringup
-- Install configuration: ""
-- Execute custom install script
-- Symlinking: /home/robousr/ROS2Dev/robot_2025_ws/src/examen_bringup/install/examen_bringup/share/ament_index/resource_index/package_run_dependencies/examen_bringup
-- Symlinking: /home/robousr/ROS2Dev/robot_2025_ws/src/examen_bringup/install/examen_bringup/share/ament_index/resource_index/parent_prefix_path/examen_bringup
-- Symlinking: /home/robousr/ROS2Dev/robot_2025_ws/src/examen_bringup/install/examen_bringup/share/examen_bringup/environment/ament_prefix_path.sh
-- Symlinking: /home/robousr/ROS2Dev/robot_2025_ws/src/examen_bringup/install/examen_bringup/share/examen_bringup/environment/ament_prefix_path.dsv
-- Symlinking: /home/robousr/ROS2Dev/robot_2025_ws/src/examen_bringup/install/examen_bringup/share/examen_bringup/environment/path.sh
-- Symlinking: /home/robousr/ROS2Dev/robot_2025_ws/src/examen_bringup/install/examen_bringup/share/examen_bringup/environment/path.dsv
-- Symlinking: /home/robousr/ROS2Dev/robot_2025_ws/src/examen_bringup/install/examen_bringup/share/examen_bringup/local_setup.bash
-- Symlinking: /home/robousr/ROS2Dev/robot_2025_ws/src/examen_bringup/install/examen_bringup/share/examen_bringup/local_setup.sh
-- Symlinking: /home/robousr/ROS2Dev/robot_2025_ws/src/examen_bringup/install/examen_bringup/share/examen_bringup/local_setup.zsh
-- Symlinking: /home/robousr/ROS2Dev/robot_2025_ws/src/examen_bringup/install/examen_bringup/share/examen_bringup/local_setup.dsv
-- Symlinking: /home/robousr/ROS2Dev/robot_2025_ws/src/examen_bringup/install/examen_bringup/share/examen_bringup/package.dsv
-- Symlinking: /home/robousr/ROS2Dev/robot_2025_ws/src/examen_bringup/install/examen_bringup/share/ament_index/resource_index/packages/examen_bringup
-- Symlinking: /home/robousr/ROS2Dev/robot_2025_ws/src/examen_bringup/install/examen_bringup/share/examen_bringup/cmake/examen_bringupConfig.cmake
-- Symlinking: /home/robousr/ROS2Dev/robot_2025_ws/src/examen_bringup/install/examen_bringup/share/examen_bringup/cmake/examen_bringupConfig-version.cmake
-- Symlinking: /home/robousr/ROS2Dev/robot_2025_ws/src/examen_bringup/install/examen_bringup/share/examen_bringup/package.xml
