[0.034s] Invoking command in '/home/robousr/ROS2Dev/robot_2025_ws/src/examen_bringup/build/examen_bringup': CMAKE_PREFIX_PATH=/opt/ros/humble /usr/bin/cmake /home/robousr/ROS2Dev/robot_2025_ws/src/examen_bringup -DAMENT_CMAKE_SYMLINK_INSTALL=1 -DCMAKE_INSTALL_PREFIX=/home/robousr/ROS2Dev/robot_2025_ws/src/examen_bringup/install/examen_bringup
[0.375s] -- The C compiler identification is GNU 11.4.0
[0.573s] -- The CXX compiler identification is GNU 11.4.0
[0.604s] -- Detecting C compiler ABI info
[0.731s] -- Detecting C compiler ABI info - done
[0.737s] -- Check for working C compiler: /usr/bin/cc - skipped
[0.739s] -- Detecting C compile features
[0.742s] -- Detecting C compile features - done
[0.748s] -- Detecting CXX compiler ABI info
[0.927s] -- Detecting CXX compiler ABI info - done
[0.937s] -- Check for working CXX compiler: /usr/bin/c++ - skipped
[0.937s] -- Detecting CXX compile features
[0.938s] -- Detecting CXX compile features - done
[0.966s] -- Found ament_cmake: 1.3.10 (/opt/ros/humble/share/ament_cmake/cmake)
[1.758s] -- Found Python3: /home/robousr/.pyenv/shims/python3 (found version "3.10.12") found components: Interpreter 
[1.926s] -- Override CMake install command with custom implementation using symlinks instead of copying resources
[2.051s] -- Found ament_lint_auto: 0.12.11 (/opt/ros/humble/share/ament_lint_auto/cmake)
[2.290s] -- Added test 'cppcheck' to perform static code analysis on C / C++ code
[2.292s] -- Configured cppcheck include dirs: 
[2.292s] -- Configured cppcheck exclude dirs and/or files: 
[2.296s] -- Added test 'lint_cmake' to check CMake code style
[2.304s] -- Added test 'uncrustify' to check C / C++ code style
[2.304s] -- Configured uncrustify additional arguments: 
[2.306s] -- Added test 'xmllint' to check XML markup files
[2.313s] -- Configuring done
[2.322s] -- Generating done
[2.322s] -- Build files have been written to: /home/robousr/ROS2Dev/robot_2025_ws/src/examen_bringup/build/examen_bringup
[2.327s] Invoked command in '/home/robousr/ROS2Dev/robot_2025_ws/src/examen_bringup/build/examen_bringup' returned '0': CMAKE_PREFIX_PATH=/opt/ros/humble /usr/bin/cmake /home/robousr/ROS2Dev/robot_2025_ws/src/examen_bringup -DAMENT_CMAKE_SYMLINK_INSTALL=1 -DCMAKE_INSTALL_PREFIX=/home/robousr/ROS2Dev/robot_2025_ws/src/examen_bringup/install/examen_bringup
[2.328s] Invoking command in '/home/robousr/ROS2Dev/robot_2025_ws/src/examen_bringup/build/examen_bringup': CMAKE_PREFIX_PATH=/opt/ros/humble /usr/bin/cmake --build /home/robousr/ROS2Dev/robot_2025_ws/src/examen_bringup/build/examen_bringup -- -j2 -l2
[2.398s] Invoked command in '/home/robousr/ROS2Dev/robot_2025_ws/src/examen_bringup/build/examen_bringup' returned '0': CMAKE_PREFIX_PATH=/opt/ros/humble /usr/bin/cmake --build /home/robousr/ROS2Dev/robot_2025_ws/src/examen_bringup/build/examen_bringup -- -j2 -l2
[2.454s] Invoking command in '/home/robousr/ROS2Dev/robot_2025_ws/src/examen_bringup/build/examen_bringup': CMAKE_PREFIX_PATH=/opt/ros/humble /usr/bin/cmake --install /home/robousr/ROS2Dev/robot_2025_ws/src/examen_bringup/build/examen_bringup
[2.487s] -- Install configuration: ""
[2.487s] -- Execute custom install script
[2.488s] -- Symlinking: /home/robousr/ROS2Dev/robot_2025_ws/src/examen_bringup/install/examen_bringup/share/ament_index/resource_index/package_run_dependencies/examen_bringup
[2.512s] -- Symlinking: /home/robousr/ROS2Dev/robot_2025_ws/src/examen_bringup/install/examen_bringup/share/ament_index/resource_index/parent_prefix_path/examen_bringup
[2.533s] -- Symlinking: /home/robousr/ROS2Dev/robot_2025_ws/src/examen_bringup/install/examen_bringup/share/examen_bringup/environment/ament_prefix_path.sh
[2.565s] -- Symlinking: /home/robousr/ROS2Dev/robot_2025_ws/src/examen_bringup/install/examen_bringup/share/examen_bringup/environment/ament_prefix_path.dsv
[2.584s] -- Symlinking: /home/robousr/ROS2Dev/robot_2025_ws/src/examen_bringup/install/examen_bringup/share/examen_bringup/environment/path.sh
[2.607s] -- Symlinking: /home/robousr/ROS2Dev/robot_2025_ws/src/examen_bringup/install/examen_bringup/share/examen_bringup/environment/path.dsv
[2.619s] -- Symlinking: /home/robousr/ROS2Dev/robot_2025_ws/src/examen_bringup/install/examen_bringup/share/examen_bringup/local_setup.bash
[2.629s] -- Symlinking: /home/robousr/ROS2Dev/robot_2025_ws/src/examen_bringup/install/examen_bringup/share/examen_bringup/local_setup.sh
[2.640s] -- Symlinking: /home/robousr/ROS2Dev/robot_2025_ws/src/examen_bringup/install/examen_bringup/share/examen_bringup/local_setup.zsh
[2.656s] -- Symlinking: /home/robousr/ROS2Dev/robot_2025_ws/src/examen_bringup/install/examen_bringup/share/examen_bringup/local_setup.dsv
[2.666s] -- Symlinking: /home/robousr/ROS2Dev/robot_2025_ws/src/examen_bringup/install/examen_bringup/share/examen_bringup/package.dsv
[2.677s] -- Symlinking: /home/robousr/ROS2Dev/robot_2025_ws/src/examen_bringup/install/examen_bringup/share/ament_index/resource_index/packages/examen_bringup
[2.687s] -- Symlinking: /home/robousr/ROS2Dev/robot_2025_ws/src/examen_bringup/install/examen_bringup/share/examen_bringup/cmake/examen_bringupConfig.cmake
[2.699s] -- Symlinking: /home/robousr/ROS2Dev/robot_2025_ws/src/examen_bringup/install/examen_bringup/share/examen_bringup/cmake/examen_bringupConfig-version.cmake
[2.709s] -- Symlinking: /home/robousr/ROS2Dev/robot_2025_ws/src/examen_bringup/install/examen_bringup/share/examen_bringup/package.xml
[2.729s] Invoked command in '/home/robousr/ROS2Dev/robot_2025_ws/src/examen_bringup/build/examen_bringup' returned '0': CMAKE_PREFIX_PATH=/opt/ros/humble /usr/bin/cmake --install /home/robousr/ROS2Dev/robot_2025_ws/src/examen_bringup/build/examen_bringup
